Build started 2/28/2016 11:30:08 PM.
     1>Project "D:\data\course\SP2016\CIT284-AdvC++\Dictionary\Dictionary.vcxproj" on node 2 (Build target(s)).
     1>ClCompile:
         C:\Program Files (x86)\Microsoft Visual Studio 12.0\VC\bin\CL.exe /c /ZI /nologo /W3 /WX- /sdl /Od /Oy- /D _MBCS /Gm /EHsc /RTC1 /MDd /GS /fp:precise /Zc:wchar_t /Zc:forScope /Fo"Debug\\" /Fd"Debug\vc120.pdb" /Gd /TP /analyze- /errorReport:prompt DictionaryMain.cpp
         DictionaryMain.cpp
     1>d:\data\course\sp2016\cit284-advc++\dictionary\txt2bin.h(21): warning C4101: 'end' : unreferenced local variable
     1>d:\data\course\sp2016\cit284-advc++\dictionary\entryclass.h(3): warning C4067: unexpected tokens following preprocessor directive - expected a newline
     1>d:\data\course\sp2016\cit284-advc++\dictionary\dictionarymain.cpp(38): warning C4101: 'type' : unreferenced local variable
     1>d:\data\course\sp2016\cit284-advc++\dictionary\dictionarymain.cpp(39): warning C4101: 'key' : unreferenced local variable
     1>c:\program files (x86)\microsoft visual studio 12.0\vc\include\xutility(2132): error C4996: 'std::_Copy_impl': Function call with parameters that may be unsafe - this call relies on the caller to check that the passed values are correct. To disable this warning, use -D_SCL_SECURE_NO_WARNINGS. See documentation on how to use Visual C++ 'Checked Iterators'
                 c:\program files (x86)\microsoft visual studio 12.0\vc\include\xutility(2113) : see declaration of 'std::_Copy_impl'
                 d:\data\course\sp2016\cit284-advc++\dictionary\dictionarymain.cpp(222) : see reference to function template instantiation '_OutIt std::copy<char,char>(_InIt,_InIt,_OutIt)' being compiled
                 with
                 [
                     _OutIt=char
         ,            _InIt=char
                 ]
     1>Done Building Project "D:\data\course\SP2016\CIT284-AdvC++\Dictionary\Dictionary.vcxproj" (Build target(s)) -- FAILED.

Build FAILED.

Time Elapsed 00:00:02.35
